<?xml version="1.0" encoding="UTF-8"?>
<testsuite name="lwrest.api.demo.AppTest" tests="1" skipped="0" failures="0" errors="0" timestamp="2023-07-29T11:11:26" hostname="shnmkhk-pc" time="0.048">
  <properties/>
  <testcase name="appHasAGreeting()" classname="lwrest.api.demo.AppTest" time="0.048"/>
  <system-out><![CDATA[]]></system-out>
  <system-err><![CDATA[]]></system-err>
</testsuite>
